<?xml version="1.0" encoding="UTF-8"?>
<!-- Generated by org.testng.reporters.JUnitReportReporter -->
<testsuite hostname="WKWIN7870043" failures="0" tests="4" name="runnerFile.APITestRunner" time="5.393" errors="0" timestamp="2020-03-24T20:33:52 IST" skipped="0">
  <testcase classname="runnerFile.APITestRunner" name="runScenario" time="2.763"/>
  <system-out/>
  <testcase classname="runnerFile.APITestRunner" name="runScenario" time="1.018"/>
  <system-out/>
  <testcase classname="runnerFile.APITestRunner" name="runScenario" time="0.784"/>
  <system-out/>
  <testcase classname="runnerFile.APITestRunner" name="runScenario" time="0.828"/>
  <system-out/>
</testsuite> <!-- runnerFile.APITestRunner -->
