<?xml version="1.0" encoding="UTF-8"?>
<!-- Generated by org.testng.reporters.JUnitReportReporter -->
<testsuite skipped="0" hostname="WKWIN7870043" name="runnerFile.APITestRunner" tests="4" failures="0" timestamp="2020-03-24T21:22:06 IST" time="6.964" errors="0">
  <testcase name="runScenario" time="0.936" classname="runnerFile.APITestRunner"/>
  <system-out/>
  <testcase name="runScenario" time="0.968" classname="runnerFile.APITestRunner"/>
  <system-out/>
  <testcase name="runScenario" time="1.005" classname="runnerFile.APITestRunner"/>
  <system-out/>
  <testcase name="runScenario" time="4.055" classname="runnerFile.APITestRunner"/>
  <system-out/>
</testsuite> <!-- runnerFile.APITestRunner -->
