<?xml version="1.0" encoding="UTF-8"?>
<!-- Generated by org.testng.reporters.JUnitReportReporter -->
<testsuite hostname="WKWIN7870043" failures="0" tests="4" name="runnerFile.APITestRunner" time="5.809" errors="0" timestamp="2020-03-24T21:03:01 IST" skipped="0">
  <testcase classname="runnerFile.APITestRunner" name="runScenario" time="0.959"/>
  <testcase classname="runnerFile.APITestRunner" name="runScenario" time="3.012"/>
  <testcase classname="runnerFile.APITestRunner" name="runScenario" time="1.056"/>
  <testcase classname="runnerFile.APITestRunner" name="runScenario" time="0.782"/>
</testsuite> <!-- runnerFile.APITestRunner -->
