<?xml version="1.0" encoding="UTF-8"?>
<!-- Generated by org.testng.reporters.JUnitReportReporter -->
<testsuite hostname="WKWIN7870043" failures="0" tests="4" name="runnerFile.APITestRunner" time="5.165" errors="0" timestamp="2020-03-24T20:42:35 IST" skipped="0">
  <testcase classname="runnerFile.APITestRunner" name="runScenario" time="0.969"/>
  <testcase classname="runnerFile.APITestRunner" name="runScenario" time="2.490"/>
  <testcase classname="runnerFile.APITestRunner" name="runScenario" time="0.752"/>
  <testcase classname="runnerFile.APITestRunner" name="runScenario" time="0.954"/>
</testsuite> <!-- runnerFile.APITestRunner -->
